{
  "RSpec": {
    "coverage": {
      "/Users/drewreynolds/Documents/Turing/2Module/dinner_dash/spec/controllers/sessions_controller_spec.rb": [
        1,
        null,
        1,
        null,
        1,
        1,
        1,
        1,
        null,
        null,
        null,
        null
      ],
      "/Users/drewreynolds/Documents/Turing/2Module/dinner_dash/spec/rails_helper.rb": [
        null,
        1,
        1,
        1,
        1,
        1,
        1,
        null,
        1,
        null,
        1,
        1,
        null,
        1,
        null,
        1,
        null,
        null,
        null,
        null,
        null,
        null,
        null,
        null,
        null
      ],
      "/Users/drewreynolds/Documents/Turing/2Module/dinner_dash/config/environment.rb": [
        null,
        1,
        null,
        null,
        1
      ],
      "/Users/drewreynolds/Documents/Turing/2Module/dinner_dash/config/application.rb": [
        1,
        null,
        1,
        null,
        null,
        null,
        1,
        null,
        1,
        1,
        null,
        null,
        null,
        null,
        null,
        null,
        null,
        null,
        null,
        null,
        null,
        null,
        null,
        1,
        null,
        null,
        null,
        null,
        null,
        null
      ],
      "/Users/drewreynolds/Documents/Turing/2Module/dinner_dash/config/boot.rb": [
        1,
        null,
        1
      ],
      "/Users/drewreynolds/Documents/Turing/2Module/dinner_dash/config/environments/test.rb": [
        1,
        null,
        null,
        null,
        null,
        null,
        null,
        1,
        null,
        null,
        null,
        null,
        1,
        null,
        null,
        1,
        1,
        null,
        null,
        1,
        1,
        null,
        null,
        1,
        null,
        null,
        1,
        null,
        null,
        null,
        null,
        1,
        null,
        null,
        1,
        null,
        null,
        1,
        null,
        null,
        null,
        null
      ],
      "/Users/drewreynolds/Documents/Turing/2Module/dinner_dash/config/initializers/assets.rb": [
        null,
        null,
        null,
        1,
        null,
        null,
        null,
        null,
        null,
        null,
        null
      ],
      "/Users/drewreynolds/Documents/Turing/2Module/dinner_dash/config/initializers/backtrace_silencers.rb": [
        null,
        null,
        null,
        null,
        null,
        null,
        null
      ],
      "/Users/drewreynolds/Documents/Turing/2Module/dinner_dash/config/initializers/cookies_serializer.rb": [
        null,
        null,
        1
      ],
      "/Users/drewreynolds/Documents/Turing/2Module/dinner_dash/config/initializers/filter_parameter_logging.rb": [
        null,
        null,
        null,
        1
      ],
      "/Users/drewreynolds/Documents/Turing/2Module/dinner_dash/config/initializers/inflections.rb": [
        null,
        null,
        null,
        null,
        null,
        null,
        null,
        null,
        null,
        null,
        null,
        null,
        null,
        null,
        null,
        null
      ],
      "/Users/drewreynolds/Documents/Turing/2Module/dinner_dash/config/initializers/mime_types.rb": [
        null,
        null,
        null,
        null
      ],
      "/Users/drewreynolds/Documents/Turing/2Module/dinner_dash/config/initializers/paperclip.rb": [
        1,
        null,
        162,
        null
      ],
      "/Users/drewreynolds/Documents/Turing/2Module/dinner_dash/config/initializers/session_store.rb": [
        null,
        null,
        1
      ],
      "/Users/drewreynolds/Documents/Turing/2Module/dinner_dash/config/initializers/wrap_parameters.rb": [
        null,
        null,
        null,
        null,
        null,
        null,
        1,
        1,
        null,
        null,
        null,
        null,
        null,
        null
      ],
      "/Users/drewreynolds/Documents/Turing/2Module/dinner_dash/spec/factories/categories.rb": [
        1,
        1,
        1,
        9,
        null,
        null,
        null,
        null
      ],
      "/Users/drewreynolds/Documents/Turing/2Module/dinner_dash/spec/factories/item_categories.rb": [
        1,
        1,
        1,
        1,
        null,
        null,
        null
      ],
      "/Users/drewreynolds/Documents/Turing/2Module/dinner_dash/spec/factories/items.rb": [
        1,
        1,
        1,
        0,
        null,
        1,
        1,
        null,
        null,
        null
      ],
      "/Users/drewreynolds/Documents/Turing/2Module/dinner_dash/spec/factories/users.rb": [
        1,
        1,
        null,
        null,
        null,
        null,
        null,
        null,
        null
      ],
      "/Users/drewreynolds/Documents/Turing/2Module/dinner_dash/config/routes.rb": [
        1,
        1,
        null,
        1,
        1,
        null,
        1,
        1,
        1,
        null,
        1,
        1,
        null,
        null,
        null,
        null,
        null,
        1,
        1,
        1,
        null,
        1,
        1,
        null,
        1,
        1,
        1,
        null,
        1,
        1,
        1,
        1,
        1,
        1,
        null,
        null,
        1,
        1,
        null,
        1,
        1,
        1,
        null,
        null
      ],
      "/Users/drewreynolds/Documents/Turing/2Module/dinner_dash/app/helpers/application_helper.rb": [
        1,
        null,
        1,
        271,
        null,
        null,
        null,
        null,
        null,
        null,
        null,
        null,
        null,
        null,
        null,
        null,
        null,
        null,
        null,
        null,
        null,
        null,
        null,
        null,
        null,
        null,
        null,
        null,
        null,
        null
      ],
      "/Users/drewreynolds/Documents/Turing/2Module/dinner_dash/app/helpers/sessions_helper.rb": [
        1,
        null,
        1,
        38,
        null,
        null,
        1,
        773,
        null,
        null,
        1,
        238,
        null,
        null,
        1,
        5,
        5,
        null,
        null,
        1,
        200,
        null,
        null
      ],
      "/Users/drewreynolds/Documents/Turing/2Module/dinner_dash/app/controllers/sessions_controller.rb": [
        1,
        null,
        1,
        null,
        null,
        1,
        40,
        40,
        36,
        36,
        36,
        24,
        null,
        12,
        null,
        null,
        4,
        4,
        null,
        null,
        null,
        1,
        5,
        5,
        5,
        null,
        null,
        1,
        36,
        9,
        null,
        27,
        null,
        null,
        null
      ],
      "/Users/drewreynolds/Documents/Turing/2Module/dinner_dash/app/controllers/application_controller.rb": [
        1,
        null,
        null,
        1,
        null,
        1,
        null,
        null,
        null,
        1,
        null,
        null,
        1,
        334,
        null,
        null,
        1,
        389,
        null,
        null,
        1,
        138,
        null,
        null,
        1,
        0,
        null,
        null,
        null
      ],
      "/Users/drewreynolds/Documents/Turing/2Module/dinner_dash/spec/features/admin/admin_create_category_spec.rb": [
        1,
        null,
        1,
        1,
        1,
        3,
        null,
        null,
        3,
        3,
        3,
        3,
        3,
        3,
        null,
        null,
        1,
        1,
        1,
        1,
        1,
        null,
        1,
        1,
        null,
        null,
        1,
        1,
        1,
        1,
        1,
        null,
        1,
        1,
        1,
        1,
        null,
        null,
        1,
        1,
        1,
        1,
        1,
        1,
        null,
        null,
        null
      ],
      "/Users/drewreynolds/Documents/Turing/2Module/dinner_dash/spec/features/admin/admin_create_items_spec.rb": [
        1,
        null,
        1,
        null,
        1,
        7,
        null,
        null,
        null,
        7,
        7,
        7,
        null,
        7,
        7,
        7,
        null,
        7,
        7,
        7,
        7,
        null,
        null,
        1,
        1,
        1,
        null,
        1,
        1,
        null,
        null,
        null,
        1,
        1,
        1,
        null,
        1,
        1,
        1,
        1,
        1,
        null,
        1,
        null,
        null,
        1,
        1,
        1,
        1,
        null,
        1,
        1,
        1,
        null,
        1,
        1,
        1,
        null,
        null,
        null,
        1,
        1,
        1,
        null,
        1,
        1,
        1,
        1,
        1,
        1,
        null,
        1,
        null,
        null,
        null,
        1,
        1,
        1,
        1,
        1,
        1,
        null,
        1,
        null,
        1,
        1,
        null,
        null,
        1,
        1,
        1,
        1,
        1,
        1,
        null,
        1,
        null,
        1,
        null,
        1,
        1,
        1,
        1,
        null,
        null,
        1,
        1,
        1,
        1,
        1,
        1,
        null,
        1,
        null,
        1,
        null,
        1,
        1,
        null,
        1,
        null,
        null,
        null,
        null
      ],
      "/Users/drewreynolds/Documents/Turing/2Module/dinner_dash/spec/features/admin/admin_delete_category_spec.rb": [
        1,
        null,
        1,
        1,
        1,
        2,
        null,
        null,
        2,
        2,
        2,
        2,
        2,
        2,
        null,
        null,
        1,
        1,
        1,
        1,
        1,
        null,
        1,
        null,
        1,
        1,
        null,
        null,
        1,
        1,
        1,
        1,
        1,
        null,
        1,
        1,
        1,
        null,
        null,
        null,
        1,
        1,
        1,
        1,
        null,
        1,
        1,
        null,
        null,
        null,
        null
      ],
      "/Users/drewreynolds/Documents/Turing/2Module/dinner_dash/spec/features/admin/admin_edit_category_spec.rb": [
        1,
        null,
        1,
        1,
        1,
        3,
        null,
        null,
        3,
        3,
        3,
        3,
        3,
        3,
        null,
        3,
        3,
        3,
        3,
        null,
        null,
        1,
        1,
        1,
        null,
        1,
        1,
        1,
        null,
        1,
        1,
        1,
        null,
        null,
        1,
        1,
        1,
        1,
        null,
        1,
        1,
        null,
        1,
        1,
        1,
        1,
        null,
        null,
        1,
        1,
        1,
        1,
        1,
        null,
        null,
        null,
        null
      ],
      "/Users/drewreynolds/Documents/Turing/2Module/dinner_dash/spec/features/admin/admin_edit_items_spec.rb": [
        1,
        null,
        1,
        null,
        1,
        2,
        null,
        null,
        null,
        2,
        2,
        2,
        null,
        2,
        2,
        2,
        null,
        2,
        2,
        2,
        2,
        null,
        null,
        1,
        1,
        1,
        1,
        1,
        null,
        1,
        1,
        1,
        null,
        1,
        1,
        1,
        null,
        1,
        1,
        1,
        1,
        1,
        1,
        null,
        null,
        1,
        1,
        1,
        null,
        1,
        1,
        null,
        1,
        1,
        null,
        null,
        null
      ],
      "/Users/drewreynolds/Documents/Turing/2Module/dinner_dash/spec/features/admin/admin_login_spec.rb": [
        1,
        null,
        1,
        1,
        1,
        1,
        null,
        null,
        null,
        null,
        null,
        null,
        1,
        1,
        null,
        1,
        1,
        null,
        1,
        1,
        1,
        null,
        1,
        1,
        null,
        null,
        null,
        null,
        1,
        1,
        1,
        null,
        null,
        null,
        null,
        null,
        1,
        1,
        null,
        1,
        1,
        null,
        1,
        1,
        1,
        null,
        1,
        1,
        null,
        null,
        null
      ],
      "/Users/drewreynolds/Documents/Turing/2Module/dinner_dash/spec/features/admin/admin_order_status_spec.rb": [
        1,
        null,
        1,
        1,
        null,
        1,
        2,
        null,
        null,
        null,
        2,
        2,
        2,
        2,
        2,
        2,
        null,
        2,
        2,
        2,
        2,
        null,
        null,
        1,
        1,
        1,
        null,
        1,
        1,
        null,
        1,
        1,
        null,
        1,
        1,
        1,
        null,
        null,
        1,
        1,
        1,
        null,
        1,
        1,
        null,
        1,
        1,
        null,
        1,
        1,
        null,
        1,
        1,
        null,
        1,
        1,
        null,
        null,
        null,
        null
      ],
      "/Users/drewreynolds/Documents/Turing/2Module/dinner_dash/spec/features/admin/admin_retire_an_item_spec.rb": [
        1,
        null,
        1,
        null,
        1,
        0,
        null,
        null,
        null,
        0,
        0,
        0,
        null,
        0,
        0,
        0,
        null,
        0,
        0,
        0,
        0,
        null,
        null,
        1,
        0,
        0,
        null,
        0,
        0,
        null,
        0,
        null,
        0,
        0,
        0,
        null,
        0,
        null,
        null,
        1,
        0,
        0,
        0,
        0,
        0,
        null,
        null,
        null,
        null,
        null,
        null
      ],
      "/Users/drewreynolds/Documents/Turing/2Module/dinner_dash/spec/features/admin/admin_view_items_spec.rb": [
        1,
        null,
        1,
        1,
        1,
        null,
        null,
        null,
        null,
        1,
        null,
        1,
        1,
        null,
        1,
        1,
        1,
        null,
        1,
        1,
        1,
        1,
        1,
        null,
        null,
        1,
        1,
        1,
        null,
        1,
        1,
        1,
        1,
        1,
        null,
        null,
        null,
        null
      ],
      "/Users/drewreynolds/Documents/Turing/2Module/dinner_dash/spec/features/admin/admin_view_orders_spec.rb": [
        1,
        null,
        1,
        null,
        1,
        3,
        3,
        3,
        3,
        null,
        3,
        null,
        null,
        null,
        3,
        3,
        3,
        null,
        3,
        3,
        3,
        null,
        3,
        3,
        null,
        3,
        3,
        null,
        3,
        3,
        3,
        3,
        null,
        3,
        null,
        null,
        null,
        null,
        3,
        null,
        3,
        3,
        null,
        3,
        3,
        3,
        null,
        null,
        null,
        1,
        1,
        1,
        null,
        1,
        1,
        1,
        1,
        1,
        1,
        null,
        null,
        1,
        1,
        1,
        1,
        1,
        null,
        1,
        1,
        1,
        1,
        1,
        null,
        null,
        1,
        1,
        null,
        1,
        1,
        null,
        null
      ],
      "/Users/drewreynolds/Documents/Turing/2Module/dinner_dash/spec/features/user/unauthenticated_user_cart_spec.rb": [
        1,
        null,
        1,
        null,
        1,
        3,
        3,
        3,
        3,
        3,
        null,
        null,
        1,
        1,
        1,
        1,
        1,
        null,
        1,
        1,
        1,
        1,
        null,
        1,
        1,
        1,
        null,
        null,
        1,
        1,
        1,
        null,
        1,
        1,
        null,
        1,
        null,
        1,
        1,
        null,
        1,
        null,
        null,
        1,
        1,
        null,
        null,
        null,
        null,
        1,
        1,
        1,
        null,
        null,
        null,
        1,
        1,
        null,
        1,
        1,
        1,
        null,
        1,
        1,
        null,
        1,
        1,
        null,
        null
      ],
      "/Users/drewreynolds/Documents/Turing/2Module/dinner_dash/spec/features/user/unauthenticated_user_order_spec.rb": [
        1,
        null,
        1,
        null,
        1,
        1,
        1,
        1,
        1,
        1,
        null,
        null,
        1,
        1,
        1,
        null,
        1,
        1,
        null,
        1,
        null,
        1,
        1,
        null,
        null,
        null
      ],
      "/Users/drewreynolds/Documents/Turing/2Module/dinner_dash/spec/features/user/unauthenticated_user_spec.rb": [
        1,
        null,
        1,
        null,
        1,
        3,
        3,
        3,
        3,
        null,
        3,
        null,
        null,
        1,
        1,
        1,
        1,
        1,
        1,
        null,
        null,
        1,
        1,
        1,
        null,
        1,
        1,
        1,
        null,
        null,
        1,
        1,
        1,
        null,
        null,
        1,
        1,
        null,
        1,
        1,
        1,
        null,
        null,
        null,
        null
      ],
      "/Users/drewreynolds/Documents/Turing/2Module/dinner_dash/spec/features/user/user_item_spec.rb": [
        1,
        null,
        1,
        null,
        1,
        null,
        1,
        1,
        1,
        null,
        null,
        1,
        1,
        1,
        null,
        1,
        1,
        1,
        null,
        null,
        null,
        1,
        1,
        1,
        null,
        1,
        1,
        1,
        null,
        1,
        null,
        1,
        1,
        1,
        1,
        null,
        null,
        null
      ],
      "/Users/drewreynolds/Documents/Turing/2Module/dinner_dash/spec/features/user/user_login_spec.rb": [
        1,
        null,
        1,
        null,
        1,
        6,
        null,
        null,
        null,
        6,
        6,
        6,
        null,
        null,
        1,
        1,
        1,
        1,
        null,
        null,
        1,
        1,
        1,
        1,
        null,
        1,
        1,
        null,
        null,
        1,
        1,
        1,
        1,
        null,
        1,
        1,
        null,
        null,
        1,
        1,
        1,
        1,
        null,
        1,
        null,
        null,
        null,
        1,
        1,
        1,
        1,
        null,
        1,
        null,
        null,
        null,
        1,
        1,
        1,
        1,
        null,
        1,
        null,
        null
      ],
      "/Users/drewreynolds/Documents/Turing/2Module/dinner_dash/spec/features/user/user_logout_spec.rb": [
        1,
        null,
        1,
        null,
        1,
        2,
        null,
        null,
        null,
        null,
        null,
        1,
        1,
        1,
        null,
        1,
        null,
        1,
        1,
        null,
        1,
        1,
        1,
        null,
        1,
        1,
        1,
        null,
        1,
        1,
        null,
        1,
        1,
        1,
        null,
        null,
        1,
        1,
        1,
        null,
        1,
        null,
        1,
        null,
        null,
        null,
        null
      ],
      "/Users/drewreynolds/Documents/Turing/2Module/dinner_dash/spec/features/user/user_order_spec.rb": [
        1,
        null,
        1,
        1,
        2,
        2,
        2,
        2,
        null,
        2,
        null,
        null,
        null,
        2,
        2,
        2,
        null,
        2,
        2,
        2,
        null,
        null,
        1,
        1,
        1,
        1,
        1,
        null,
        1,
        1,
        null,
        1,
        1,
        null,
        1,
        null,
        1,
        1,
        null,
        1,
        null,
        null,
        1,
        1,
        null,
        1,
        1,
        null,
        1,
        null,
        1,
        null,
        null,
        null
      ],
      "/Users/drewreynolds/Documents/Turing/2Module/dinner_dash/spec/features/user/user_past_orders_spec.rb": [
        1,
        null,
        1,
        1,
        2,
        2,
        2,
        2,
        null,
        2,
        null,
        null,
        null,
        2,
        2,
        2,
        null,
        2,
        2,
        2,
        null,
        2,
        2,
        null,
        2,
        2,
        null,
        2,
        null,
        2,
        null,
        null,
        1,
        1,
        1,
        1,
        null,
        1,
        1,
        1,
        1,
        null,
        null,
        1,
        1,
        null,
        1,
        1,
        1,
        1,
        null,
        1,
        null,
        null,
        null
      ],
      "/Users/drewreynolds/Documents/Turing/2Module/dinner_dash/spec/features/user/user_signup_spec.rb": [
        1,
        null,
        1,
        null,
        1,
        1,
        1,
        1,
        null,
        1,
        1,
        null,
        1,
        1,
        null,
        null,
        null,
        1,
        1,
        1,
        null,
        1,
        1,
        1,
        1,
        1,
        1,
        null,
        null,
        1,
        1,
        null,
        null,
        1,
        1,
        1,
        null,
        1,
        1,
        1,
        1,
        1,
        null,
        null,
        1,
        1,
        null,
        null,
        null,
        1,
        1,
        1,
        null,
        1,
        1,
        1,
        1,
        null,
        null,
        1,
        1,
        null,
        1,
        null,
        1,
        1,
        1,
        1,
        null,
        null,
        null,
        null
      ],
      "/Users/drewreynolds/Documents/Turing/2Module/dinner_dash/spec/models/category_spec.rb": [
        1,
        null,
        1,
        4,
        null,
        2,
        2,
        null,
        1,
        1,
        1,
        null,
        null,
        1,
        1,
        1,
        1,
        null,
        null,
        1,
        1,
        1,
        1,
        null,
        null,
        null
      ],
      "/Users/drewreynolds/Documents/Turing/2Module/dinner_dash/app/models/category.rb": [
        1,
        1,
        null,
        1,
        1,
        null
      ],
      "/Users/drewreynolds/Documents/Turing/2Module/dinner_dash/spec/models/item_category_spec.rb": [
        1,
        null,
        1,
        1,
        null,
        2,
        2,
        null,
        1,
        0,
        null,
        null,
        1,
        0,
        null,
        null,
        1,
        0,
        0,
        null,
        0,
        null,
        0,
        null,
        0,
        null,
        null,
        null
      ],
      "/Users/drewreynolds/Documents/Turing/2Module/dinner_dash/app/models/item_category.rb": [
        1,
        1,
        1,
        null,
        1,
        1,
        null
      ],
      "/Users/drewreynolds/Documents/Turing/2Module/dinner_dash/spec/models/item_order_spec.rb": [
        1,
        null,
        1,
        null,
        2,
        2,
        2,
        null,
        null
      ],
      "/Users/drewreynolds/Documents/Turing/2Module/dinner_dash/app/models/item_order.rb": [
        1,
        1,
        1,
        1,
        1,
        1,
        null,
        1,
        0,
        null,
        null
      ],
      "/Users/drewreynolds/Documents/Turing/2Module/dinner_dash/spec/models/item_spec.rb": [
        1,
        null,
        1,
        2,
        2,
        null,
        2,
        2,
        2,
        null,
        null,
        1,
        1,
        null,
        null,
        null
      ],
      "/Users/drewreynolds/Documents/Turing/2Module/dinner_dash/app/models/item.rb": [
        1,
        1,
        null,
        1,
        1,
        null,
        1,
        1,
        1,
        1,
        null,
        1,
        1,
        null,
        1,
        null,
        94,
        1,
        null,
        1,
        0,
        0,
        null,
        0,
        null,
        null,
        null,
        1,
        21,
        null,
        null,
        1,
        162,
        null,
        null,
        1,
        1,
        0,
        null,
        1,
        null,
        null,
        null,
        1,
        0,
        0,
        0,
        0,
        null,
        null,
        0,
        0,
        null,
        null,
        1,
        1,
        0,
        0,
        0,
        null,
        null,
        1,
        null,
        null,
        1,
        null,
        1,
        78,
        4,
        null,
        null,
        null,
        null
      ],
      "/Users/drewreynolds/Documents/Turing/2Module/dinner_dash/spec/models/order_spec.rb": [
        1,
        null,
        1,
        null,
        2,
        2,
        2,
        null,
        null
      ],
      "/Users/drewreynolds/Documents/Turing/2Module/dinner_dash/app/models/order.rb": [
        1,
        1,
        1,
        1,
        null,
        1,
        1,
        1,
        null,
        1,
        null,
        168,
        null,
        1,
        26,
        null,
        null,
        1,
        26,
        null,
        null,
        1,
        26,
        null,
        null,
        1,
        26,
        null,
        null,
        1,
        12,
        null,
        null,
        1,
        12,
        11,
        null,
        1,
        null,
        null,
        null,
        1,
        17,
        null,
        null,
        1,
        5,
        null,
        null,
        null
      ],
      "/Users/drewreynolds/Documents/Turing/2Module/dinner_dash/spec/models/user_spec.rb": [
        1,
        null,
        1,
        7,
        null,
        2,
        2,
        2,
        2,
        null,
        1,
        1,
        1,
        null,
        null,
        1,
        1,
        1,
        null,
        null,
        1,
        1,
        1,
        null,
        null,
        1,
        1,
        1,
        null,
        null,
        1,
        1,
        1,
        null,
        null,
        null,
        1,
        1,
        1,
        1,
        null,
        1,
        null,
        1,
        null,
        1,
        null,
        null
      ],
      "/Users/drewreynolds/Documents/Turing/2Module/dinner_dash/app/models/user.rb": [
        1,
        1,
        1,
        1,
        1,
        null,
        null,
        1,
        null,
        null,
        1,
        null,
        null,
        null
      ],
      "/Users/drewreynolds/Documents/Turing/2Module/dinner_dash/app/models/cart.rb": [
        1,
        1,
        null,
        1,
        334,
        null,
        null,
        1,
        21,
        21,
        null,
        null,
        1,
        246,
        null,
        null,
        1,
        75,
        null,
        null,
        1,
        0,
        null,
        null,
        1,
        2,
        null,
        null,
        1,
        0,
        null,
        null,
        1,
        17,
        17,
        null,
        null,
        1,
        95,
        null,
        null,
        1,
        49,
        46,
        null,
        null,
        null,
        1,
        32,
        null,
        null,
        1,
        0,
        0,
        null,
        null,
        null,
        1,
        8,
        null,
        null,
        null
      ],
      "/Users/drewreynolds/Documents/Turing/2Module/dinner_dash/app/controllers/items_controller.rb": [
        1,
        1,
        null,
        1,
        null,
        1,
        102,
        10,
        10,
        null,
        92,
        92,
        null,
        null,
        null,
        1,
        null,
        null,
        null,
        null,
        null,
        null,
        null,
        null,
        null,
        null,
        null,
        null,
        null,
        null,
        null,
        null,
        null,
        null,
        null,
        null,
        null,
        null,
        null,
        null,
        null,
        null,
        null,
        null,
        null,
        null,
        null,
        null,
        null,
        null,
        null,
        null,
        null,
        null,
        null,
        null,
        1,
        8,
        null,
        null,
        null,
        null,
        null
      ],
      "/Users/drewreynolds/Documents/Turing/2Module/dinner_dash/app/controllers/admin/dashboard_controller.rb": [
        1,
        1,
        null,
        null,
        null
      ],
      "/Users/drewreynolds/Documents/Turing/2Module/dinner_dash/app/controllers/admin/base_controller.rb": [
        1,
        1,
        null,
        1,
        null,
        1,
        99,
        null,
        null
      ],
      "/Users/drewreynolds/Documents/Turing/2Module/dinner_dash/app/controllers/admin/categories_controller.rb": [
        1,
        1,
        null,
        1,
        null,
        1,
        23,
        null,
        null,
        1,
        null,
        null,
        1,
        11,
        null,
        null,
        1,
        11,
        11,
        9,
        9,
        null,
        2,
        2,
        null,
        null,
        null,
        1,
        null,
        null,
        1,
        3,
        1,
        1,
        null,
        2,
        2,
        null,
        null,
        null,
        null,
        1,
        2,
        2,
        2,
        2,
        null,
        null,
        1,
        null,
        1,
        14,
        null,
        null,
        1,
        8,
        null,
        null,
        null
      ],
      "/Users/drewreynolds/Documents/Turing/2Module/dinner_dash/app/controllers/admin/items_controller.rb": [
        1,
        1,
        null,
        1,
        null,
        null,
        null,
        null,
        null,
        null,
        1,
        0,
        0,
        0,
        null,
        0,
        0,
        null,
        null,
        null,
        1,
        null,
        null,
        1,
        6,
        null,
        null,
        1,
        null,
        null,
        1,
        8,
        null,
        8,
        3,
        3,
        null,
        5,
        null,
        null,
        null,
        1,
        1,
        1,
        1,
        1,
        null,
        0,
        null,
        null,
        null,
        null,
        null,
        null,
        null,
        null,
        null,
        1,
        null,
        1,
        9,
        null,
        null,
        1,
        2,
        null,
        null,
        null,
        null,
        null
      ],
      "/Users/drewreynolds/Documents/Turing/2Module/dinner_dash/app/controllers/cart_items_controller.rb": [
        1,
        1,
        null,
        1,
        null,
        null,
        1,
        21,
        21,
        0,
        0,
        null,
        21,
        21,
        21,
        21,
        null,
        null,
        null,
        1,
        1,
        1,
        1,
        1,
        null,
        null,
        1,
        2,
        2,
        null,
        null,
        1,
        0,
        0,
        null,
        null,
        1,
        9,
        9,
        9,
        1,
        1,
        null,
        null,
        null
      ],
      "/Users/drewreynolds/Documents/Turing/2Module/dinner_dash/app/controllers/user/orders_controller.rb": [
        1,
        1,
        2,
        null,
        null,
        1,
        8,
        null,
        null,
        1,
        8,
        8,
        8,
        8,
        null,
        8,
        8,
        8,
        null,
        0,
        0,
        null,
        8,
        null,
        null,
        1,
        null,
        1,
        8,
        null,
        null
      ],
      "/Users/drewreynolds/Documents/Turing/2Module/dinner_dash/app/controllers/admin/orders_controller.rb": [
        1,
        null,
        1,
        2,
        null,
        null,
        1,
        1,
        1,
        1,
        1,
        null,
        0,
        0,
        null,
        null,
        null,
        1,
        0,
        0,
        0,
        null,
        null
      ],
      "/Users/drewreynolds/Documents/Turing/2Module/dinner_dash/app/controllers/users_controller.rb": [
        1,
        1,
        null,
        null,
        1,
        1,
        null,
        null,
        1,
        5,
        null,
        null,
        1,
        4,
        4,
        2,
        2,
        2,
        2,
        null,
        2,
        2,
        null,
        null,
        null,
        1,
        1,
        4,
        null,
        null,
        1,
        2,
        1,
        null,
        1,
        null,
        null,
        null
      ],
      "/Users/drewreynolds/Documents/Turing/2Module/dinner_dash/app/controllers/categories_controller.rb": [
        1,
        null,
        null,
        null,
        null,
        null,
        1,
        1,
        1,
        1,
        0,
        null,
        1,
        null,
        null,
        null
      ]
    },
    "timestamp": 1435098224
  }
}
